2025-04-09 15:21:05,285 - INFO - Weather fetched and saved for Hyderabad
2025-04-09 15:21:06,140 - INFO - Weather fetched and saved for Kolkata
2025-04-09 15:21:07,047 - INFO - Weather fetched and saved for Chennai
2025-04-09 15:21:09,215 - INFO - Weather fetched and saved for Tokyo
2025-04-09 15:26:11,424 - INFO - Weather fetched and saved for Hyderabad
2025-04-09 15:26:12,261 - INFO - Weather fetched and saved for Kolkata
2025-04-09 15:26:13,057 - INFO - Weather fetched and saved for Chennai
2025-04-09 15:26:16,520 - INFO - Weather fetched and saved for Tokyo
2025-04-09 15:31:23,802 - INFO - Weather fetched and saved for Hyderabad
2025-04-09 15:31:28,511 - INFO - Weather fetched and saved for Kolkata
2025-04-09 15:31:31,253 - INFO - Weather fetched and saved for Chennai
2025-04-09 15:31:38,514 - INFO - Weather fetched and saved for Tokyo
2025-04-09 15:36:46,069 - INFO - Weather fetched and saved for Hyderabad
2025-04-09 15:36:47,358 - INFO - Weather fetched and saved for Kolkata
2025-04-09 15:36:51,883 - INFO - Weather fetched and saved for Chennai
2025-04-09 15:36:58,661 - INFO - Weather fetched and saved for Tokyo
2025-04-09 15:42:00,937 - INFO - Weather fetched and saved for Hyderabad
2025-04-09 15:42:07,955 - INFO - Weather fetched and saved for Kolkata
2025-04-09 15:42:13,248 - INFO - Weather fetched and saved for Chennai
2025-04-09 15:42:29,521 - INFO - Weather fetched and saved for Tokyo
2025-04-09 15:47:34,221 - INFO - Weather fetched and saved for Hyderabad
2025-04-09 15:47:37,603 - INFO - Weather fetched and saved for Kolkata
2025-04-09 15:47:38,522 - INFO - Weather fetched and saved for Chennai
2025-04-09 15:47:40,987 - INFO - Weather fetched and saved for Tokyo
2025-04-09 15:52:57,761 - WARNING - API error for London: HTTPSConnectionPool(host='wttr.in', port=443): Read timed out.
2025-04-09 15:53:00,959 - INFO - Weather fetched and saved for Hyderabad
2025-04-09 15:53:06,041 - INFO - Weather fetched and saved for Kolkata
2025-04-09 15:53:08,576 - INFO - Weather fetched and saved for Chennai
2025-04-09 15:53:16,650 - INFO - Weather fetched and saved for Tokyo
2025-04-09 15:58:26,976 - INFO - Weather fetched and saved for Hyderabad
2025-04-09 15:58:29,286 - INFO - Weather fetched and saved for Kolkata
2025-04-09 15:58:31,389 - INFO - Weather fetched and saved for Chennai
2025-04-09 15:58:34,775 - INFO - Weather fetched and saved for Tokyo
2025-04-09 16:03:37,282 - INFO - Weather fetched and saved for Hyderabad
2025-04-09 16:03:38,263 - INFO - Weather fetched and saved for Kolkata
2025-04-09 16:03:40,590 - INFO - Weather fetched and saved for Chennai
2025-04-09 16:03:48,278 - INFO - Weather fetched and saved for Tokyo
2025-04-09 16:08:51,200 - INFO - Weather fetched and saved for Hyderabad
2025-04-09 16:08:52,210 - INFO - Weather fetched and saved for Kolkata
2025-04-09 16:08:53,188 - INFO - Weather fetched and saved for Chennai
2025-04-09 16:08:57,949 - INFO - Weather fetched and saved for Tokyo
2025-04-09 16:14:07,853 - INFO - Weather fetched and saved for Hyderabad
2025-04-09 16:14:08,828 - INFO - Weather fetched and saved for Kolkata
2025-04-09 16:14:15,020 - INFO - Weather fetched and saved for Chennai
2025-04-09 16:14:17,126 - INFO - Weather fetched and saved for Tokyo
2025-04-09 16:20:49,205 - INFO - Weather fetched and saved for Hyderabad
2025-04-09 16:20:50,275 - INFO - Weather fetched and saved for Kolkata
2025-04-09 16:20:51,418 - INFO - Weather fetched and saved for Chennai
2025-04-09 16:25:56,003 - INFO - Weather fetched and saved for Hyderabad
2025-04-09 16:25:56,933 - INFO - Weather fetched and saved for Kolkata
2025-04-09 16:25:57,928 - INFO - Weather fetched and saved for Chennai
2025-04-09 16:31:02,195 - INFO - Weather fetched and saved for Hyderabad
2025-04-09 16:31:03,449 - INFO - Weather fetched and saved for Kolkata
2025-04-09 16:31:04,735 - INFO - Weather fetched and saved for Chennai
2025-04-09 16:36:10,421 - INFO - Weather fetched and saved for Hyderabad
2025-04-09 16:36:11,439 - INFO - Weather fetched and saved for Kolkata
2025-04-09 16:36:12,712 - INFO - Weather fetched and saved for Chennai
2025-04-09 16:41:20,117 - INFO - Weather fetched and saved for Hyderabad
2025-04-09 16:41:21,116 - INFO - Weather fetched and saved for Kolkata
2025-04-09 16:41:22,206 - INFO - Weather fetched and saved for Chennai
2025-04-09 16:46:27,191 - INFO - Weather fetched and saved for Hyderabad
2025-04-09 16:46:28,160 - INFO - Weather fetched and saved for Kolkata
2025-04-09 16:46:29,180 - INFO - Weather fetched and saved for Chennai
2025-04-09 16:51:34,297 - INFO - Weather fetched and saved for Hyderabad
2025-04-09 16:51:35,261 - INFO - Weather fetched and saved for Kolkata
2025-04-09 16:51:36,262 - INFO - Weather fetched and saved for Chennai
2025-04-09 16:56:40,713 - INFO - Weather fetched and saved for Hyderabad
2025-04-09 16:56:41,740 - INFO - Weather fetched and saved for Kolkata
2025-04-09 16:56:42,715 - INFO - Weather fetched and saved for Chennai
2025-04-09 17:01:47,995 - INFO - Weather fetched and saved for Hyderabad
2025-04-09 17:01:49,050 - INFO - Weather fetched and saved for Kolkata
2025-04-09 17:01:50,034 - INFO - Weather fetched and saved for Chennai
2025-04-09 17:06:54,846 - INFO - Weather fetched and saved for Hyderabad
2025-04-09 17:06:55,843 - INFO - Weather fetched and saved for Kolkata
2025-04-09 17:06:56,750 - INFO - Weather fetched and saved for Chennai
2025-04-09 17:12:01,946 - INFO - Weather fetched and saved for Hyderabad
2025-04-09 17:12:03,009 - INFO - Weather fetched and saved for Kolkata
2025-04-09 17:12:04,191 - INFO - Weather fetched and saved for Chennai
2025-04-09 17:17:08,749 - INFO - Weather fetched and saved for Hyderabad
2025-04-09 17:17:10,935 - INFO - Weather fetched and saved for Kolkata
2025-04-09 17:17:12,602 - INFO - Weather fetched and saved for Chennai
2025-04-09 17:22:24,247 - INFO - Weather fetched and saved for Hyderabad
2025-04-09 17:22:25,202 - INFO - Weather fetched and saved for Kolkata
2025-04-09 17:22:28,040 - INFO - Weather fetched and saved for Chennai
2025-04-09 17:27:33,175 - INFO - Weather fetched and saved for Hyderabad
2025-04-09 17:27:34,095 - INFO - Weather fetched and saved for Kolkata
2025-04-09 17:27:35,085 - INFO - Weather fetched and saved for Chennai
2025-04-09 17:32:39,357 - INFO - Weather fetched and saved for Hyderabad
2025-04-09 17:32:40,277 - INFO - Weather fetched and saved for Kolkata
2025-04-09 17:32:41,295 - INFO - Weather fetched and saved for Chennai
2025-04-09 17:37:46,150 - INFO - Weather fetched and saved for Hyderabad
2025-04-09 17:37:47,346 - INFO - Weather fetched and saved for Kolkata
2025-04-09 17:37:50,980 - INFO - Weather fetched and saved for Chennai
2025-04-09 17:42:57,059 - INFO - Weather fetched and saved for Hyderabad
2025-04-09 17:42:58,078 - INFO - Weather fetched and saved for Kolkata
2025-04-09 17:42:59,762 - INFO - Weather fetched and saved for Chennai
2025-04-09 17:48:04,272 - INFO - Weather fetched and saved for Hyderabad
2025-04-09 17:48:05,167 - INFO - Weather fetched and saved for Kolkata
2025-04-09 17:48:06,401 - INFO - Weather fetched and saved for Chennai
2025-04-09 17:53:12,148 - INFO - Weather fetched and saved for Hyderabad
2025-04-09 17:53:13,286 - INFO - Weather fetched and saved for Kolkata
2025-04-09 17:53:14,356 - INFO - Weather fetched and saved for Chennai
2025-04-09 17:58:19,643 - INFO - Weather fetched and saved for Hyderabad
2025-04-09 17:58:20,696 - INFO - Weather fetched and saved for Kolkata
2025-04-09 17:58:21,613 - INFO - Weather fetched and saved for Chennai
2025-04-09 18:03:26,171 - INFO - Weather fetched and saved for Hyderabad
2025-04-09 18:03:27,580 - INFO - Weather fetched and saved for Kolkata
2025-04-09 18:03:28,745 - INFO - Weather fetched and saved for Chennai
2025-04-09 18:08:34,250 - INFO - Weather fetched and saved for Hyderabad
2025-04-09 18:08:35,428 - INFO - Weather fetched and saved for Kolkata
2025-04-09 18:08:36,516 - INFO - Weather fetched and saved for Chennai
2025-04-09 18:13:40,555 - INFO - Weather fetched and saved for Hyderabad
2025-04-09 18:13:41,670 - INFO - Weather fetched and saved for Kolkata
2025-04-09 18:13:42,650 - INFO - Weather fetched and saved for Chennai
2025-04-09 18:39:02,705 - INFO - Weather fetched and saved for Hyderabad
2025-04-09 18:39:03,877 - INFO - Weather fetched and saved for Kolkata
2025-04-09 18:39:05,914 - INFO - Weather fetched and saved for Chennai
2025-04-09 18:44:09,859 - INFO - Weather fetched and saved for Hyderabad
2025-04-09 18:44:10,761 - INFO - Weather fetched and saved for Kolkata
2025-04-09 18:44:11,694 - INFO - Weather fetched and saved for Chennai
2025-04-09 18:49:20,319 - INFO - Weather fetched and saved for Hyderabad
2025-04-09 18:49:22,614 - INFO - Weather fetched and saved for Kolkata
2025-04-09 18:49:23,866 - INFO - Weather fetched and saved for Chennai
2025-04-09 18:54:32,535 - INFO - Weather fetched and saved for Hyderabad
2025-04-09 18:54:34,125 - INFO - Weather fetched and saved for Kolkata
2025-04-09 18:54:36,231 - INFO - Weather fetched and saved for Chennai
2025-04-09 18:59:42,764 - INFO - Weather fetched and saved for Hyderabad
2025-04-09 18:59:44,696 - INFO - Weather fetched and saved for Kolkata
2025-04-09 18:59:45,766 - INFO - Weather fetched and saved for Chennai
2025-04-09 19:04:50,757 - INFO - Weather fetched and saved for Hyderabad
2025-04-09 19:04:51,929 - INFO - Weather fetched and saved for Kolkata
2025-04-09 19:04:53,102 - INFO - Weather fetched and saved for Chennai
2025-04-09 22:06:54,287 - INFO - Weather fetched and saved for Hyderabad
2025-04-09 22:06:55,725 - INFO - Weather fetched and saved for Kolkata
2025-04-09 22:06:56,535 - INFO - Weather fetched and saved for Chennai
2025-04-09 22:06:57,002 - WARNING - API error for Auckland: ('Connection aborted.', ConnectionAbortedError(10053, 'An established connection was aborted by the software in your host machine', None, 10053, None))
2025-04-09 22:06:57,023 - WARNING - API error for Tokyo: HTTPSConnectionPool(host='wttr.in', port=443): Max retries exceeded with url: /Tokyo?format=j1 (Caused by NewConnectionError('<urllib3.connection.HTTPSConnection object at 0x000001FBA9A37610>: Failed to establish a new connection: [WinError 10051] A socket operation was attempted to an unreachable network'))
2025-04-09 22:50:33,164 - WARNING - API error for London: HTTPSConnectionPool(host='wttr.in', port=443): Max retries exceeded with url: /London?format=j1 (Caused by NameResolutionError("<urllib3.connection.HTTPSConnection object at 0x000001FBA9A35F90>: Failed to resolve 'wttr.in' ([Errno 11001] getaddrinfo failed)"))
2025-04-09 22:50:33,189 - WARNING - API error for Hyderabad: HTTPSConnectionPool(host='wttr.in', port=443): Max retries exceeded with url: /Hyderabad?format=j1 (Caused by NameResolutionError("<urllib3.connection.HTTPSConnection object at 0x000001FBA9BA0690>: Failed to resolve 'wttr.in' ([Errno 11001] getaddrinfo failed)"))
2025-04-09 22:50:33,196 - WARNING - API error for Kolkata: HTTPSConnectionPool(host='wttr.in', port=443): Max retries exceeded with url: /Kolkata?format=j1 (Caused by NameResolutionError("<urllib3.connection.HTTPSConnection object at 0x000001FBA9BA0410>: Failed to resolve 'wttr.in' ([Errno 11001] getaddrinfo failed)"))
2025-04-09 22:50:33,319 - WARNING - API error for Chennai: HTTPSConnectionPool(host='wttr.in', port=443): Max retries exceeded with url: /Chennai?format=j1 (Caused by NameResolutionError("<urllib3.connection.HTTPSConnection object at 0x000001FBA9BA0910>: Failed to resolve 'wttr.in' ([Errno 11001] getaddrinfo failed)"))
2025-04-09 22:50:33,606 - WARNING - API error for Auckland: HTTPSConnectionPool(host='wttr.in', port=443): Max retries exceeded with url: /Auckland?format=j1 (Caused by NameResolutionError("<urllib3.connection.HTTPSConnection object at 0x000001FBA9BA0CD0>: Failed to resolve 'wttr.in' ([Errno 11001] getaddrinfo failed)"))
2025-04-09 22:50:33,713 - WARNING - API error for Tokyo: HTTPSConnectionPool(host='wttr.in', port=443): Max retries exceeded with url: /Tokyo?format=j1 (Caused by NameResolutionError("<urllib3.connection.HTTPSConnection object at 0x000001FBA9BA1090>: Failed to resolve 'wttr.in' ([Errno 11001] getaddrinfo failed)"))
2025-04-09 22:55:36,125 - INFO - Weather fetched and saved for Hyderabad
2025-04-09 22:55:38,760 - INFO - Weather fetched and saved for Kolkata
2025-04-09 22:55:39,989 - INFO - Weather fetched and saved for Chennai
2025-04-09 23:00:46,948 - INFO - Weather fetched and saved for Hyderabad
2025-04-09 23:00:48,219 - INFO - Weather fetched and saved for Kolkata
2025-04-09 23:00:49,442 - INFO - Weather fetched and saved for Chennai
2025-04-09 23:05:54,301 - INFO - Weather fetched and saved for Hyderabad
2025-04-09 23:05:55,210 - INFO - Weather fetched and saved for Kolkata
2025-04-09 23:05:56,541 - INFO - Weather fetched and saved for Chennai
2025-04-09 23:11:00,775 - INFO - Weather fetched and saved for Hyderabad
2025-04-09 23:11:01,930 - INFO - Weather fetched and saved for Kolkata
2025-04-09 23:11:03,032 - INFO - Weather fetched and saved for Chennai
2025-04-10 15:45:06,655 - WARNING - API error for London: HTTPSConnectionPool(host='wttr.in', port=443): Read timed out.
2025-04-10 15:45:06,658 - INFO - Skipped 0 records in this run.
2025-04-10 15:45:16,034 - INFO - Weather fetched and saved for Hyderabad
2025-04-10 15:45:16,036 - INFO - Skipped 0 records in this run.
2025-04-10 15:45:20,086 - INFO - Weather fetched and saved for Kolkata
2025-04-10 15:45:20,088 - INFO - Skipped 0 records in this run.
2025-04-10 15:45:25,190 - INFO - Weather fetched and saved for Chennai
2025-04-10 15:45:25,192 - INFO - Skipped 0 records in this run.
2025-04-10 15:45:39,764 - WARNING - API error for Auckland: HTTPSConnectionPool(host='wttr.in', port=443): Read timed out.
2025-04-10 15:45:39,765 - INFO - Skipped 0 records in this run.
2025-04-10 15:45:42,131 - INFO - Skipped 0 records in this run.
2025-04-10 15:47:01,371 - WARNING - API error for London: HTTPSConnectionPool(host='wttr.in', port=443): Read timed out.
2025-04-10 15:47:01,372 - INFO - Skipped 0 records in this run.
2025-04-10 15:49:10,583 - INFO - Skipped 0 records in this run.
2025-04-10 15:49:20,867 - INFO - Weather fetched and saved for Hyderabad
2025-04-10 15:49:20,868 - INFO - Skipped 0 records in this run.
2025-04-10 15:49:23,896 - INFO - Weather fetched and saved for Kolkata
2025-04-10 15:49:23,899 - INFO - Skipped 0 records in this run.
2025-04-10 15:49:35,011 - INFO - Weather fetched and saved for Chennai
2025-04-10 15:49:35,013 - INFO - Skipped 0 records in this run.
2025-04-10 15:49:41,823 - INFO - Skipped 0 records in this run.
2025-04-10 15:49:48,164 - INFO - Skipped 0 records in this run.
2025-04-10 15:51:36,217 - INFO - Skipped 0 records in this run.
2025-04-10 15:51:39,189 - INFO - Weather fetched and saved for Hyderabad
2025-04-10 15:51:39,191 - INFO - Skipped 0 records in this run.
2025-04-10 15:51:49,770 - INFO - Weather fetched and saved for Kolkata
2025-04-10 15:51:49,772 - INFO - Skipped 0 records in this run.
2025-04-10 15:52:04,841 - WARNING - API error for Chennai: HTTPSConnectionPool(host='wttr.in', port=443): Read timed out.
2025-04-10 15:52:04,842 - INFO - Skipped 0 records in this run.
2025-04-10 15:52:23,162 - WARNING - API error for Auckland: HTTPSConnectionPool(host='wttr.in', port=443): Read timed out.
2025-04-10 15:52:23,162 - INFO - Skipped 0 records in this run.
2025-04-10 15:52:29,590 - INFO - Skipped 0 records in this run.
2025-04-10 15:53:35,329 - INFO - Skipped 0 records in this run.
2025-04-10 15:53:45,315 - WARNING - API error for Hyderabad: ('Connection aborted.', RemoteDisconnected('Remote end closed connection without response'))
2025-04-10 15:53:45,316 - INFO - Skipped 0 records in this run.
2025-04-10 15:54:03,589 - INFO - Weather fetched and saved for Kolkata
2025-04-10 15:54:03,590 - INFO - Skipped 0 records in this run.
2025-04-10 15:54:08,564 - INFO - Weather fetched and saved for Chennai
2025-04-10 15:54:08,566 - INFO - Skipped 0 records in this run.
2025-04-10 15:54:11,585 - INFO - Skipped 0 records in this run.
2025-04-10 15:54:16,512 - INFO - Skipped 0 records in this run.
2025-04-10 15:55:00,559 - INFO - Exported weather data to warm_cities_2025-04-10.csv
