2025-04-07 17:04:57,945 - INFO - \u2705 Weather fetched and saved for London
2025-04-07 17:04:58,915 - INFO - \u2705 Weather fetched and saved for New York
2025-04-07 17:04:59,747 - INFO - \u2705 Weather fetched and saved for Mumbai
2025-04-07 17:05:00,716 - INFO - \u2705 Weather fetched and saved for Melbourne
2025-04-07 17:05:03,322 - INFO - \u2705 Weather fetched and saved for Auckland
2025-04-07 17:05:04,284 - INFO - \u2705 Weather fetched and saved for Tokyo
2025-04-07 17:07:05,179 - INFO - \u2705 Weather fetched and saved for London
2025-04-07 17:07:06,105 - INFO - \u2705 Weather fetched and saved for New York
2025-04-07 17:07:06,942 - INFO - \u2705 Weather fetched and saved for Mumbai
2025-04-07 17:07:07,767 - INFO - \u2705 Weather fetched and saved for Melbourne
2025-04-07 17:07:08,619 - INFO - \u2705 Weather fetched and saved for Auckland
2025-04-07 17:07:09,446 - INFO - \u2705 Weather fetched and saved for Tokyo
2025-04-07 17:09:10,275 - INFO - \u2705 Weather fetched and saved for London
2025-04-07 17:09:11,136 - INFO - \u2705 Weather fetched and saved for New York
2025-04-07 17:09:11,963 - INFO - \u2705 Weather fetched and saved for Mumbai
2025-04-07 17:09:12,832 - INFO - \u2705 Weather fetched and saved for Melbourne
2025-04-07 17:09:13,693 - INFO - \u2705 Weather fetched and saved for Auckland
2025-04-07 17:09:14,579 - INFO - \u2705 Weather fetched and saved for Tokyo
2025-04-07 17:10:00,612 - INFO - Exported weather data to weather_2025-04-07.csv
2025-04-07 17:13:58,374 - INFO - Weather fetched and saved for London
2025-04-07 17:13:59,209 - INFO - Weather fetched and saved for New York
2025-04-07 17:14:00,097 - INFO - Weather fetched and saved for Mumbai
2025-04-07 17:14:01,080 - INFO - Weather fetched and saved for Melbourne
2025-04-07 17:14:02,031 - INFO - Weather fetched and saved for Auckland
2025-04-07 17:14:02,863 - INFO - Weather fetched and saved for Tokyo
2025-04-07 17:15:00,890 - INFO - Exported weather data to weather_2025-04-07.csv
2025-04-07 17:16:59,664 - INFO - Weather fetched and saved for London
2025-04-07 17:17:00,504 - INFO - Weather fetched and saved for New York
2025-04-07 17:17:01,316 - INFO - Weather fetched and saved for Kolkata
2025-04-07 17:17:02,090 - INFO - Weather fetched and saved for Melbourne
2025-04-07 17:17:02,902 - INFO - Weather fetched and saved for Auckland
2025-04-07 17:17:03,699 - INFO - Weather fetched and saved for Tokyo
2025-04-07 17:18:00,723 - INFO - Exported weather data to weather_2025-04-07.csv
2025-04-07 17:18:04,563 - INFO - Weather fetched and saved for London
2025-04-07 17:18:05,360 - INFO - Weather fetched and saved for New York
2025-04-07 17:18:06,864 - INFO - Weather fetched and saved for Kolkata
2025-04-07 17:18:09,236 - INFO - Weather fetched and saved for Melbourne
2025-04-07 17:18:10,284 - INFO - Weather fetched and saved for Auckland
2025-04-07 17:18:11,355 - INFO - Weather fetched and saved for Tokyo
2025-04-07 22:31:25,205 - INFO - Weather fetched and saved for London
2025-04-07 22:31:26,379 - INFO - Weather fetched and saved for New York
2025-04-07 22:31:27,340 - INFO - Weather fetched and saved for Kolkata
2025-04-07 22:31:28,268 - INFO - Weather fetched and saved for Melbourne
2025-04-07 22:31:29,316 - INFO - Weather fetched and saved for Auckland
2025-04-07 22:31:30,329 - INFO - Weather fetched and saved for Tokyo
2025-04-07 22:32:31,710 - INFO - Weather fetched and saved for London
2025-04-07 22:32:32,641 - INFO - Weather fetched and saved for New York
2025-04-07 22:32:33,707 - INFO - Weather fetched and saved for Kolkata
2025-04-07 22:32:34,934 - INFO - Weather fetched and saved for Melbourne
2025-04-07 22:32:36,469 - INFO - Weather fetched and saved for Auckland
2025-04-07 22:32:39,187 - INFO - Weather fetched and saved for Tokyo
2025-04-07 22:33:00,205 - INFO - Exported weather data to weather_2025-04-07.csv
